Determining if the pthread_create exist failed with the following output:
Change Dir: /home/adam/wsfinal/build/CMakeFiles/CMakeTmp

Run Build Command:"/usr/bin/make" "cmTC_42dab/fast"
/usr/bin/make -f CMakeFiles/cmTC_42dab.dir/build.make CMakeFiles/cmTC_42dab.dir/build
make[1]: Entering directory '/home/adam/wsfinal/build/CMakeFiles/CMakeTmp'
Building C object CMakeFiles/cmTC_42dab.dir/CheckSymbolExists.c.o
/usr/bin/cc     -o CMakeFiles/cmTC_42dab.dir/CheckSymbolExists.c.o   -c /home/adam/wsfinal/build/CMakeFiles/CMakeTmp/CheckSymbolExists.c
Linking C executable cmTC_42dab
/usr/bin/cmake -E cmake_link_script CMakeFiles/cmTC_42dab.dir/link.txt --verbose=1
/usr/bin/cc       CMakeFiles/cmTC_42dab.dir/CheckSymbolExists.c.o  -o cmTC_42dab -rdynamic 
CMakeFiles/cmTC_42dab.dir/CheckSymbolExists.c.o: In function `main':
CheckSymbolExists.c:(.text+0x16): undefined reference to `pthread_create'
collect2: error: ld returned 1 exit status
CMakeFiles/cmTC_42dab.dir/build.make:97: recipe for target 'cmTC_42dab' failed
make[1]: *** [cmTC_42dab] Error 1
make[1]: Leaving directory '/home/adam/wsfinal/build/CMakeFiles/CMakeTmp'
Makefile:126: recipe for target 'cmTC_42dab/fast' failed
make: *** [cmTC_42dab/fast] Error 2

File /home/adam/wsfinal/build/CMakeFiles/CMakeTmp/CheckSymbolExists.c:
/* */
#include <pthread.h>

int main(int argc, char** argv)
{
  (void)argv;
#ifndef pthread_create
  return ((int*)(&pthread_create))[argc];
#else
  (void)argc;
  return 0;
#endif
}

Determining if the function pthread_create exists in the pthreads failed with the following output:
Change Dir: /home/adam/wsfinal/build/CMakeFiles/CMakeTmp

Run Build Command:"/usr/bin/make" "cmTC_9cdaa/fast"
/usr/bin/make -f CMakeFiles/cmTC_9cdaa.dir/build.make CMakeFiles/cmTC_9cdaa.dir/build
make[1]: Entering directory '/home/adam/wsfinal/build/CMakeFiles/CMakeTmp'
Building C object CMakeFiles/cmTC_9cdaa.dir/CheckFunctionExists.c.o
/usr/bin/cc    -DCHECK_FUNCTION_EXISTS=pthread_create   -o CMakeFiles/cmTC_9cdaa.dir/CheckFunctionExists.c.o   -c /usr/share/cmake-3.5/Modules/CheckFunctionExists.c
Linking C executable cmTC_9cdaa
/usr/bin/cmake -E cmake_link_script CMakeFiles/cmTC_9cdaa.dir/link.txt --verbose=1
/usr/bin/cc   -DCHECK_FUNCTION_EXISTS=pthread_create    CMakeFiles/cmTC_9cdaa.dir/CheckFunctionExists.c.o  -o cmTC_9cdaa -rdynamic -lpthreads 
/usr/bin/ld: cannot find -lpthreads
collect2: error: ld returned 1 exit status
CMakeFiles/cmTC_9cdaa.dir/build.make:97: recipe for target 'cmTC_9cdaa' failed
make[1]: *** [cmTC_9cdaa] Error 1
make[1]: Leaving directory '/home/adam/wsfinal/build/CMakeFiles/CMakeTmp'
Makefile:126: recipe for target 'cmTC_9cdaa/fast' failed
make: *** [cmTC_9cdaa/fast] Error 2


